Content-Type: text/plain; charset="utf-8"
MIME-Version: 1.0
Content-Transfer-Encoding: 8bit
Subject: 
 =?utf-8?b?0J/QvtC00YLQstC10YDQttC00LXQvdC40LUg0YPRh9C10YLQvdC+0Lkg0LfQsNC/?=
 =?utf-8?b?0LjRgdC4IEhsYnVzc3M=?=
From: django@geekbrains.local
To: ddd@yandex.ru
Date: Fri, 22 Jan 2021 20:19:44 -0000
Message-ID: <161134678478.2708.13787085289374527587@WIN-1BLTO7MEQSE>

Для подтверждения учетной записи Hlbusss на портале     http://localhost:8000 перейдите по ссылке: 
http://localhost:8000/auth/verify/ddd@yandex.ru/4dcbf01ec62fad2f7d496b3d3560bfcbaca06c85/
-------------------------------------------------------------------------------
Content-Type: text/plain; charset="utf-8"
MIME-Version: 1.0
Content-Transfer-Encoding: 8bit
Subject: 
 =?utf-8?b?0J/QvtC00YLQstC10YDQttC00LXQvdC40LUg0YPRh9C10YLQvdC+0Lkg0LfQsNC/?=
 =?utf-8?b?0LjRgdC4IEhsYnVzc3M=?=
From: django@geekbrains.local
To: ddd@yandex.ru
Date: Fri, 22 Jan 2021 20:19:44 -0000
Message-ID: <161134678478.2708.13850492421449299036@WIN-1BLTO7MEQSE>

Для подтверждения учетной записи Hlbusss на портале     http://localhost:8000 перейдите по ссылке: 
http://localhost:8000/auth/verify/ddd@yandex.ru/4dcbf01ec62fad2f7d496b3d3560bfcbaca06c85/
-------------------------------------------------------------------------------
