Content-Type: text/plain; charset="utf-8"
MIME-Version: 1.0
Content-Transfer-Encoding: 8bit
Subject: 
 =?utf-8?b?0J/QvtC00YLQstC10YDQttC00LXQvdC40LUg0YPRh9C10YLQvdC+0Lkg0LfQsNC/?=
 =?utf-8?b?0LjRgdC4IHZ2dmFhYQ==?=
From: django@geekbrains.local
To: sss@gmail.com
Date: Fri, 22 Jan 2021 20:18:06 -0000
Message-ID: <161134668651.2708.12230591709206141917@WIN-1BLTO7MEQSE>

Для подтверждения учетной записи vvvaaa на портале     http://localhosthttp://localhost:8000/auth/verify/sss@gmail.com/b4f2351bddaf58d028b7030ca54d16a92d6deaac:8000 перейдите по ссылке:
/
-------------------------------------------------------------------------------
Content-Type: text/plain; charset="utf-8"
MIME-Version: 1.0
Content-Transfer-Encoding: 8bit
Subject: 
 =?utf-8?b?0J/QvtC00YLQstC10YDQttC00LXQvdC40LUg0YPRh9C10YLQvdC+0Lkg0LfQsNC/?=
 =?utf-8?b?0LjRgdC4IHZ2dmFhYQ==?=
From: django@geekbrains.local
To: sss@gmail.com
Date: Fri, 22 Jan 2021 20:18:06 -0000
Message-ID: <161134668651.2708.18029380295269733291@WIN-1BLTO7MEQSE>

Для подтверждения учетной записи vvvaaa на портале     http://localhost:8000 перейдите по ссылке: 
http://localhost:8000/auth/verify/sss@gmail.com/b4f2351bddaf58d028b7030ca54d16a92d6deaac/
-------------------------------------------------------------------------------
